d:\sardarchitectlabs\learncpp\20220413_helloworld\x64\debug\vc143.pdb
d:\sardarchitectlabs\learncpp\20220413_helloworld\x64\debug\vc143.idb
d:\sardarchitectlabs\learncpp\20220413_helloworld\x64\debug\20220413_helloworld.obj
d:\sardarchitectlabs\tutorials\learncpp\20220413_helloworld\x64\debug\vc143.pdb
d:\sardarchitectlabs\tutorials\learncpp\20220413_helloworld\x64\debug\vc143.idb
d:\sardarchitectlabs\tutorials\learncpp\20220413_helloworld\x64\debug\20220424_iostream.obj
d:\sardarchitectlabs\tutorials\learncpp\20220413_helloworld\x64\debug\20220413_helloworld.obj
d:\sardarchitectlabs\learncpp\20220413_helloworld\x64\debug\20220413_helloworld.ilk
d:\sardarchitectlabs\learncpp\20220413_helloworld\x64\debug\20220413_helloworld.exe
d:\sardarchitectlabs\learncpp\20220413_helloworld\x64\debug\20220413_helloworld.pdb
d:\sardarchitectlabs\tutorials\learncpp\20220413_helloworld\x64\debug\20220413_helloworld.pdb
d:\sardarchitectlabs\tutorials\learncpp\20220413_helloworld\x64\debug\20220413.5d48d3cd.tlog\cl.command.1.tlog
d:\sardarchitectlabs\tutorials\learncpp\20220413_helloworld\x64\debug\20220413.5d48d3cd.tlog\cl.read.1.tlog
d:\sardarchitectlabs\tutorials\learncpp\20220413_helloworld\x64\debug\20220413.5d48d3cd.tlog\cl.write.1.tlog
d:\sardarchitectlabs\tutorials\learncpp\20220413_helloworld\x64\debug\20220413.5d48d3cd.tlog\link-cvtres.read.1.tlog
d:\sardarchitectlabs\tutorials\learncpp\20220413_helloworld\x64\debug\20220413.5d48d3cd.tlog\link-cvtres.write.1.tlog
d:\sardarchitectlabs\tutorials\learncpp\20220413_helloworld\x64\debug\20220413.5d48d3cd.tlog\link-rc.read.1.tlog
d:\sardarchitectlabs\tutorials\learncpp\20220413_helloworld\x64\debug\20220413.5d48d3cd.tlog\link-rc.write.1.tlog
d:\sardarchitectlabs\tutorials\learncpp\20220413_helloworld\x64\debug\20220413.5d48d3cd.tlog\link.command.1.tlog
d:\sardarchitectlabs\tutorials\learncpp\20220413_helloworld\x64\debug\20220413.5d48d3cd.tlog\link.read.1.tlog
d:\sardarchitectlabs\tutorials\learncpp\20220413_helloworld\x64\debug\20220413.5d48d3cd.tlog\link.read.2.tlog
d:\sardarchitectlabs\tutorials\learncpp\20220413_helloworld\x64\debug\20220413.5d48d3cd.tlog\link.write.1.tlog
